22:17:07.924 [main                     ] DEBUG Logger               - Configured Logger
22:17:07.931 [main                     ] DEBUG GameApplication      - Logging settings
Title: Pong
Version: 1.0
Width: 800
Height: 600
Fullscreen: false
Intro: false
Profiling: false
Single step:false
App Mode: DEBUG
Menu Key: ESCAPE
Stage Style: DECORATED
Scene Factory: class com.almasb.fxgl.app.scene.SceneFactory

22:17:08.222 [JavaFX Application Thread] DEBUG FXGLApplication      - Initializing FXGL
22:17:08.226 [JavaFX Application Thread] INFO  Engine               - FXGL-11.11 (08.09.2020 18.00) on WINDOWS (J:17.0.5 FX:14)
22:17:08.226 [JavaFX Application Thread] DEBUG Engine               - JRE Vendor Name: Eclipse Adoptium
22:17:08.227 [JavaFX Application Thread] DEBUG Engine               - Running on OS: Windows 10 version 10.0
22:17:08.227 [JavaFX Application Thread] DEBUG Engine               - Architecture: amd64
22:17:08.227 [JavaFX Application Thread] INFO  Engine               - Source code and latest versions at: https://github.com/AlmasB/FXGL
22:17:08.227 [JavaFX Application Thread] INFO  Engine               -              Join the FXGL chat at: https://gitter.im/AlmasB/FXGL
22:17:08.294 [JavaFX Application Thread] DEBUG MainWindow           - Creating a JavaFX scene
22:17:08.325 [JavaFX Application Thread] DEBUG MainWindow           - Target settings size: 800.0 x 600.0
22:17:08.326 [JavaFX Application Thread] DEBUG MainWindow           - Scaled scene size:    800.0 x 600.0
22:17:08.326 [JavaFX Application Thread] DEBUG MainWindow           - Scaled ratio: (1.0, 1.0)
22:17:08.327 [JavaFX Application Thread] DEBUG MainWindow           - Set initial scene to StartupScene
22:17:08.331 [JavaFX Application Thread] DEBUG MainWindow           - Opening main window
22:17:08.388 [JavaFX Application Thread] DEBUG MainWindow           - Window border size: (14.4000244140625, 37.5999755859375)
22:17:08.389 [JavaFX Application Thread] DEBUG MainWindow           - Scaled size: 800.0 x 600.0
22:17:08.389 [JavaFX Application Thread] DEBUG MainWindow           - Scaled ratio: (1.0, 1.0)
22:17:08.389 [JavaFX Application Thread] DEBUG MainWindow           - Scene size: 800.0 x 600.0
22:17:08.389 [JavaFX Application Thread] DEBUG MainWindow           - Stage size: 814.4000244140625 x 637.5999755859375
22:17:08.394 [FXGL Background Thread 1 ] DEBUG Engine               - Initializing environment variables
22:17:08.414 [FXGL Background Thread 1 ] DEBUG GameApplicationServi - Applying CSS: fxgl_dark.css
22:17:08.414 [FXGL Background Thread 1 ] DEBUG FXGLAssetLoaderServi - Loading from file system: /assets/ui/css/fxgl_dark.css
22:17:08.460 [FXGL Background Thread 1 ] DEBUG GameApplicationServi - Initializing application scenes
22:17:08.493 [FXGL Background Thread 1 ] DEBUG GameWorld            - Game world initialized
22:17:08.554 [FXGL Background Thread 1 ] DEBUG PhysicsWorld         - Physics world initialized: appHeight=600, physics.ppm=50.0
22:17:08.556 [FXGL Background Thread 1 ] DEBUG GameScene            - Game scene initialized: 800x600
22:17:08.582 [FXGL Background Thread 1 ] DEBUG FXGLAssetLoaderServi - Loading from file system: /assets/textures/particles/trace_horizontal.png
22:17:08.624 [FXGL Background Thread 1 ] DEBUG FXGL.DefaultMenu     - createMenuBodyGameMenu()
22:17:08.638 [FXGL Background Thread 1 ] DEBUG FXGL.DefaultMenu     - createOptionsMenu()
22:17:08.643 [FXGL Background Thread 1 ] DEBUG FXGLAssetLoaderServi - Loading from file system: /assets/textures/particles/smoke.png
22:17:08.685 [FXGL Background Thread 1 ] DEBUG GameApplicationServi - Application scenes initialized
22:17:08.693 [FXGL Background Thread 1 ] DEBUG SystemBundleService  - Loading FXGL system data
22:17:08.698 [FXGL Background Thread 1 ] DEBUG FileSystemAccess     - Reading from: C:\Users\Mark\Desktop\Pong CW\CI628-PongServer-master\system\fxgl.bundle
22:17:08.705 [FXGL Background Thread 1 ] DEBUG SystemBundleService  - Bundle FXGL: {}
22:17:08.706 [FXGL Background Thread 1 ] DEBUG UpdaterService       - Checking for updates
22:17:08.709 [FXGL Background Thread 4 ] DEBUG FXGLApplication      - Loading fonts
22:17:08.710 [FXGL Background Thread 4 ] DEBUG FXGLAssetLoaderServi - Loading from file system: /assets/ui/fonts/pong.ttf
22:17:08.710 [FXGL Background Thread 1 ] DEBUG FXGLApplication      - Loading default localization
22:17:08.710 [FXGL Background Thread 1 ] DEBUG FXGLAssetLoaderServi - Loading from file system: /assets/languages/english.lang
22:17:08.721 [FXGL Background Thread 1 ] INFO  FXGLApplication      - FXGL initialization took: 0.328 sec
22:17:08.727 [JavaFX Application Thread] DEBUG Input                - Registered new binding: Up1 - A
22:17:08.728 [JavaFX Application Thread] DEBUG Input                - Registered new binding: Down1 - D
22:17:08.728 [JavaFX Application Thread] DEBUG Input                - Registered new binding: Up2 - H
22:17:08.728 [JavaFX Application Thread] DEBUG Input                - Registered new binding: Down2 - K
22:17:08.729 [JavaFX Application Thread] DEBUG Input                - Registered new binding: Jump1 - W
22:17:08.729 [JavaFX Application Thread] DEBUG Input                - Registered new binding: Jump2 - U
22:17:08.729 [JavaFX Application Thread] DEBUG FXGLAssetLoaderServi - Loading from file system: /assets/textures/fxgl_icon.png
22:17:08.743 [JavaFX Application Thread] DEBUG FXGLAssetLoaderServi - Loading from file system: /assets/ui/cursors/fxgl_default.png
22:17:08.746 [JavaFX Application Thread] DEBUG Input                - Registered new binding: Screenshot - P
22:17:08.747 [JavaFX Application Thread] DEBUG Input                - Registered new binding: System info dump - CTRL+9
22:17:08.747 [JavaFX Application Thread] DEBUG Input                - Registered new binding: Restart - CTRL+R
22:17:08.748 [JavaFX Application Thread] DEBUG Input                - Registered new binding: Toggle Debug Camera - CTRL+C
22:17:08.749 [JavaFX Application Thread] DEBUG LoopRunner           - Starting loop
22:17:08.750 [JavaFX Application Thread] DEBUG GameApplicationServi - Starting new game
22:17:08.751 [JavaFX Application Thread] DEBUG Input                - Clearing active input actions
22:17:08.760 [JavaFX Application Thread] DEBUG GameApplicationServi - Removing overlay from StartupScene and adding to FXGLLoadingScene
22:17:08.761 [JavaFX Application Thread] DEBUG MainWindow           - StartupScene -> FXGLLoadingScene
22:17:08.761 [JavaFX Application Thread] DEBUG GameApplicationServi - Clearing previous game
22:17:08.762 [JavaFX Application Thread] DEBUG GameScene            - Clearing game scene
22:17:08.762 [JavaFX Application Thread] DEBUG GameWorld            - Clearing game world
22:17:08.762 [JavaFX Application Thread] DEBUG PhysicsWorld         - Clearing physics world
22:17:08.764 [FXGL Background Thread 1 ] DEBUG FXGLApplication      - Initializing game
22:17:08.789 [FXGL Background Thread 4 ] DEBUG FXGLAssetLoaderServi - Loading from file system: /assets/ui/fonts/Abel-Regular.ttf
22:17:08.794 [FXGL Background Thread 4 ] DEBUG FXGLAssetLoaderServi - Loading from file system: /assets/ui/fonts/lucida_console.ttf
22:17:08.800 [FXGL Background Thread 4 ] DEBUG FXGLAssetLoaderServi - Loading from file system: /assets/ui/fonts/Courier-Prime.ttf
22:17:08.804 [FXGL Background Thread 1 ] DEBUG FXGLAssetLoaderServi - Loading from file system: /assets/ui/main.fxml
22:17:08.806 [Thread-4                 ] DEBUG TCPServer            - Starting to listen at: 55555 type: class java.lang.String
22:17:08.854 [JavaFX Application Thread] DEBUG FXGLApplication      - Registering font factories with UI factory
22:17:08.868 [FXGL Background Thread 1 ] INFO  FXGLApplication      - Game initialization took: 0.104 sec
22:17:08.885 [JavaFX Application Thread] DEBUG Input                - Clearing active input actions
22:17:08.895 [JavaFX Application Thread] DEBUG GameApplicationServi - Removing overlay from FXGLLoadingScene and adding to GameScene
22:17:08.901 [JavaFX Application Thread] DEBUG MainWindow           - FXGLLoadingScene -> GameScene
22:17:09.378 [FXGL Background Thread 2 ] INFO  UpdaterService       - Your current version:  11.11
22:17:09.379 [FXGL Background Thread 2 ] INFO  UpdaterService       - Latest stable version: 17+dev-SNAPSHOT
22:17:11.710 [FXGL Background Thread 3 ] DEBUG Engine               - Logging environment variables
22:17:11.711 [FXGL Background Thread 3 ] DEBUG Engine               - achievements: []
22:17:11.711 [FXGL Background Thread 3 ] DEBUG Engine               - appIcon: fxgl_icon.png
22:17:11.712 [FXGL Background Thread 3 ] DEBUG Engine               - applicationMode: DEBUG
22:17:11.712 [FXGL Background Thread 3 ] DEBUG Engine               - cSSList: [fxgl_dark.css]
22:17:11.712 [FXGL Background Thread 3 ] DEBUG Engine               - configClass: Optional.empty
22:17:11.713 [FXGL Background Thread 3 ] DEBUG Engine               - credits: []
22:17:11.713 [FXGL Background Thread 3 ] DEBUG Engine               - devBBoxColorProperty: ObjectProperty [value: 0xff0000ff]
22:17:11.714 [FXGL Background Thread 3 ] DEBUG Engine               - devEnableDebugCameraProperty: BooleanProperty [value: false]
22:17:11.714 [FXGL Background Thread 3 ] DEBUG Engine               - devSensorColorProperty: ObjectProperty [value: 0xffff00ff]
22:17:11.715 [FXGL Background Thread 3 ] DEBUG Engine               - devShowBBoxProperty: BooleanProperty [value: false]
22:17:11.715 [FXGL Background Thread 3 ] DEBUG Engine               - devShowPositionProperty: BooleanProperty [value: false]
22:17:11.715 [FXGL Background Thread 3 ] DEBUG Engine               - enabledMenuItems: []
22:17:11.715 [FXGL Background Thread 3 ] DEBUG Engine               - engineServices: [class com.almasb.fxgl.app.FXGLApplication$GameApplicationService, class com.almasb.fxgl.app.services.FXGLDialogService, class com.almasb.fxgl.app.services.IOTaskExecutorService, class com.almasb.fxgl.event.EventBusService, class com.almasb.fxgl.io.FileSystemService, class com.almasb.fxgl.localization.LocalizationService, class com.almasb.fxgl.app.services.FXGLAssetLoaderService, class com.almasb.fxgl.app.services.SystemBundleService, class com.almasb.fxgl.profile.SaveLoadService, class com.almasb.fxgl.ui.FXGLUIFactoryServiceProvider, class com.almasb.fxgl.ui.FXGLDialogFactoryServiceProvider, class com.almasb.fxgl.audio.AudioPlayer, class com.almasb.fxgl.notification.impl.NotificationServiceProvider, class com.almasb.fxgl.achievement.AchievementService, class com.almasb.fxgl.cutscene.CutsceneService, class com.almasb.fxgl.minigames.MiniGameService, class com.almasb.fxgl.net.NetService, class com.almasb.fxgl.app.services.UpdaterService, class com.almasb.fxgl.dev.DevService]
22:17:11.717 [FXGL Background Thread 3 ] DEBUG Engine               - fontGame: Abel-Regular.ttf
22:17:11.718 [FXGL Background Thread 3 ] DEBUG Engine               - fontMono: lucida_console.ttf
22:17:11.719 [FXGL Background Thread 3 ] DEBUG Engine               - fontText: Courier-Prime.ttf
22:17:11.719 [FXGL Background Thread 3 ] DEBUG Engine               - fontUI: pong.ttf
22:17:11.720 [FXGL Background Thread 3 ] DEBUG Engine               - fullScreen: BooleanProperty [value: false]
22:17:11.721 [FXGL Background Thread 3 ] DEBUG Engine               - gameDifficulty: MEDIUM
22:17:11.721 [FXGL Background Thread 3 ] DEBUG Engine               - gameDifficultyProperty: ObjectProperty [value: MEDIUM]
22:17:11.721 [FXGL Background Thread 3 ] DEBUG Engine               - globalMusicVolume: 0.5
22:17:11.722 [FXGL Background Thread 3 ] DEBUG Engine               - globalMusicVolumeProperty: DoubleProperty [value: 0.5]
22:17:11.722 [FXGL Background Thread 3 ] DEBUG Engine               - globalSoundVolume: 0.5
22:17:11.722 [FXGL Background Thread 3 ] DEBUG Engine               - globalSoundVolumeProperty: DoubleProperty [value: 0.5]
22:17:11.722 [FXGL Background Thread 3 ] DEBUG Engine               - height: 600
22:17:11.723 [FXGL Background Thread 3 ] DEBUG Engine               - isAndroid: false
22:17:11.723 [FXGL Background Thread 3 ] DEBUG Engine               - isBrowser: false
22:17:11.723 [FXGL Background Thread 3 ] DEBUG Engine               - isClickFeedbackEnabled: false
22:17:11.724 [FXGL Background Thread 3 ] DEBUG Engine               - isCloseConfirmation: false
22:17:11.724 [FXGL Background Thread 3 ] DEBUG Engine               - isDesktop: true
22:17:11.724 [FXGL Background Thread 3 ] DEBUG Engine               - isDeveloperMenuEnabled: false
22:17:11.724 [FXGL Background Thread 3 ] DEBUG Engine               - isEntityPreloadEnabled: true
22:17:11.725 [FXGL Background Thread 3 ] DEBUG Engine               - isExperimentalNative: false
22:17:11.725 [FXGL Background Thread 3 ] DEBUG Engine               - isExperimentalTiledLargeMap: false
22:17:11.725 [FXGL Background Thread 3 ] DEBUG Engine               - isFileSystemWriteAllowed: true
22:17:11.725 [FXGL Background Thread 3 ] DEBUG Engine               - isFullScreenAllowed: false
22:17:11.726 [FXGL Background Thread 3 ] DEBUG Engine               - isFullScreenFromStart: false
22:17:11.726 [FXGL Background Thread 3 ] DEBUG Engine               - isGameMenuEnabled: true
22:17:11.726 [FXGL Background Thread 3 ] DEBUG Engine               - isIOS: false
22:17:11.726 [FXGL Background Thread 3 ] DEBUG Engine               - isIntroEnabled: false
22:17:11.727 [FXGL Background Thread 3 ] DEBUG Engine               - isLinux: false
22:17:11.727 [FXGL Background Thread 3 ] DEBUG Engine               - isMac: false
22:17:11.727 [FXGL Background Thread 3 ] DEBUG Engine               - isMainMenuEnabled: false
22:17:11.727 [FXGL Background Thread 3 ] DEBUG Engine               - isManualResizeEnabled: false
22:17:11.727 [FXGL Background Thread 3 ] DEBUG Engine               - isMobile: false
22:17:11.727 [FXGL Background Thread 3 ] DEBUG Engine               - isPreserveResizeRatio: false
22:17:11.728 [FXGL Background Thread 3 ] DEBUG Engine               - isProfilingEnabled: false
22:17:11.728 [FXGL Background Thread 3 ] DEBUG Engine               - isSingleStep: false
22:17:11.728 [FXGL Background Thread 3 ] DEBUG Engine               - isUserProfileEnabled: false
22:17:11.728 [FXGL Background Thread 3 ] DEBUG Engine               - isWindows: true
22:17:11.728 [FXGL Background Thread 3 ] DEBUG Engine               - language: ObjectProperty [value: ENGLISH]
22:17:11.728 [FXGL Background Thread 3 ] DEBUG Engine               - menuKey: ESCAPE
22:17:11.729 [FXGL Background Thread 3 ] DEBUG Engine               - notificationViewClass: class com.almasb.fxgl.notification.view.XboxNotificationView
22:17:11.729 [FXGL Background Thread 3 ] DEBUG Engine               - pixelsPerMeter: 50.0
22:17:11.729 [FXGL Background Thread 3 ] DEBUG Engine               - platform: WINDOWS
22:17:11.729 [FXGL Background Thread 3 ] DEBUG Engine               - profileDir: profiles/
22:17:11.729 [FXGL Background Thread 3 ] DEBUG Engine               - profileName: StringProperty [value: DEFAULT]
22:17:11.729 [FXGL Background Thread 3 ] DEBUG Engine               - randomSeed: -1
22:17:11.730 [FXGL Background Thread 3 ] DEBUG Engine               - runtimeInfo: RuntimeInfo(platform=WINDOWS, version=11.11, build=08.09.2020 18.00)
22:17:11.730 [FXGL Background Thread 3 ] DEBUG Engine               - saveFileExt: sav
22:17:11.730 [FXGL Background Thread 3 ] DEBUG Engine               - sceneFactory: com.almasb.fxgl.app.scene.SceneFactory@39816f1a
22:17:11.730 [FXGL Background Thread 3 ] DEBUG Engine               - secondsIn24h: 60
22:17:11.731 [FXGL Background Thread 3 ] DEBUG Engine               - soundMenuBack: menu/back.wav
22:17:11.731 [FXGL Background Thread 3 ] DEBUG Engine               - soundMenuPress: menu/press.wav
22:17:11.731 [FXGL Background Thread 3 ] DEBUG Engine               - soundMenuSelect: menu/select.wav
22:17:11.731 [FXGL Background Thread 3 ] DEBUG Engine               - soundNotification: core/notification.wav
22:17:11.732 [FXGL Background Thread 3 ] DEBUG Engine               - stageStyle: DECORATED
22:17:11.732 [FXGL Background Thread 3 ] DEBUG Engine               - supportedLanguages: [ENGLISH, FRENCH, GERMAN, HUNGARIAN, RUSSIAN]
22:17:11.732 [FXGL Background Thread 3 ] DEBUG Engine               - title: Pong
22:17:11.733 [FXGL Background Thread 3 ] DEBUG Engine               - urlGithub: https://github.com/AlmasB/FXGL
22:17:11.733 [FXGL Background Thread 3 ] DEBUG Engine               - urlLeaderboard: http://fxgl-top.herokuapp.com/
22:17:11.733 [FXGL Background Thread 3 ] DEBUG Engine               - urlPOM: https://raw.githubusercontent.com/AlmasB/FXGL/master/pom.xml
22:17:11.733 [FXGL Background Thread 3 ] DEBUG Engine               - version: 1.0
22:17:11.734 [FXGL Background Thread 3 ] DEBUG Engine               - versionCheckDays: 7
22:17:11.734 [FXGL Background Thread 3 ] DEBUG Engine               - width: 800
22:17:11.734 [FXGL Background Thread 3 ] DEBUG Engine               - Logging services
22:17:11.734 [FXGL Background Thread 3 ] DEBUG Engine               - class com.almasb.fxgl.app.FXGLApplication$GameApplicationService
22:17:11.734 [FXGL Background Thread 3 ] DEBUG Engine               - class com.almasb.fxgl.app.services.FXGLDialogService
22:17:11.734 [FXGL Background Thread 3 ] DEBUG Engine               - class com.almasb.fxgl.app.services.IOTaskExecutorService
22:17:11.735 [FXGL Background Thread 3 ] DEBUG Engine               - class com.almasb.fxgl.event.EventBusService
22:17:11.735 [FXGL Background Thread 3 ] DEBUG Engine               - class com.almasb.fxgl.io.FileSystemService
22:17:11.735 [FXGL Background Thread 3 ] DEBUG Engine               - class com.almasb.fxgl.localization.LocalizationService
22:17:11.735 [FXGL Background Thread 3 ] DEBUG Engine               - class com.almasb.fxgl.app.services.FXGLAssetLoaderService
22:17:11.735 [FXGL Background Thread 3 ] DEBUG Engine               - class com.almasb.fxgl.app.services.SystemBundleService
22:17:11.736 [FXGL Background Thread 3 ] DEBUG Engine               - class com.almasb.fxgl.profile.SaveLoadService
22:17:11.736 [FXGL Background Thread 3 ] DEBUG Engine               - class com.almasb.fxgl.ui.FXGLUIFactoryServiceProvider
22:17:11.736 [FXGL Background Thread 3 ] DEBUG Engine               - class com.almasb.fxgl.ui.FXGLDialogFactoryServiceProvider
22:17:11.736 [FXGL Background Thread 3 ] DEBUG Engine               - class com.almasb.fxgl.audio.AudioPlayer
22:17:11.736 [FXGL Background Thread 3 ] DEBUG Engine               - class com.almasb.fxgl.notification.impl.NotificationServiceProvider
22:17:11.736 [FXGL Background Thread 3 ] DEBUG Engine               - class com.almasb.fxgl.achievement.AchievementService
22:17:11.737 [FXGL Background Thread 3 ] DEBUG Engine               - class com.almasb.fxgl.cutscene.CutsceneService
22:17:11.737 [FXGL Background Thread 3 ] DEBUG Engine               - class com.almasb.fxgl.minigames.MiniGameService
22:17:11.737 [FXGL Background Thread 3 ] DEBUG Engine               - class com.almasb.fxgl.net.NetService
22:17:11.737 [FXGL Background Thread 3 ] DEBUG Engine               - class com.almasb.fxgl.app.services.UpdaterService
22:17:11.737 [FXGL Background Thread 3 ] DEBUG Engine               - class com.almasb.fxgl.dev.DevService
22:17:13.473 [JavaFX Application Thread] DEBUG FXGLApplication      - Exiting FXGL
22:17:13.474 [JavaFX Application Thread] DEBUG LoopRunner           - Stopping loop
22:17:13.474 [JavaFX Application Thread] DEBUG SystemBundleService  - Saving FXGL system data
22:17:13.476 [JavaFX Application Thread] DEBUG FileSystemAccess     - Writing to: C:\Users\Mark\Desktop\Pong CW\CI628-PongServer-master\system\fxgl.bundle
22:17:13.478 [JavaFX Application Thread] DEBUG Async                - Shutting down background threads
22:17:13.478 [JavaFX Application Thread] DEBUG MainWindow           - Closing main window
22:17:13.486 [JavaFX Application Thread] DEBUG Logger               - Closing Logger
